#
# A fatal error has been detected by the Java Runtime Environment:
#
#  EXCEPTION_ACCESS_VIOLATION (0xc0000005) at pc=0x00007ff86c6dd395, pid=2628, tid=15464
#
# JRE version: Java(TM) SE Runtime Environment (13.0+33) (build 13+33)
# Java VM: Java HotSpot(TM) 64-Bit Server VM (13+33, mixed mode, sharing, tiered, compressed oops, g1 gc, windows-amd64)
# Problematic frame:
# C  [ig9icd64.dll+0x15d395]
#
# No core dump will be written. Minidumps are not enabled by default on client versions of Windows
#
# If you would like to submit a bug report, please visit:
#   http://bugreport.java.com/bugreport/crash.jsp
# The crash happened outside the Java Virtual Machine in native code.
# See problematic frame for where to report the bug.
#

---------------  S U M M A R Y ------------

Command Line: -Dfile.encoding=Cp1252 Laberinto.ClasePrincipal

Host: Intel(R) Core(TM) i7-7700HQ CPU @ 2.80GHz, 8 cores, 7G,  Windows 10 , 64 bit Build 18362 (10.0.18362.1110)
Time: Thu Nov 19 02:25:29 2020 Hora estándar romance elapsed time: 203 seconds (0d 0h 3m 23s)

---------------  T H R E A D  ---------------

Current thread (0x0000021ec5eab000):  JavaThread "LWJGL Application" [_thread_in_native, id=15464, stack(0x0000006242f00000,0x0000006243000000)]

Stack: [0x0000006242f00000,0x0000006243000000],  sp=0x0000006242ffe700,  free space=1017k
Native frames: (J=compiled Java code, j=interpreted, Vv=VM code, C=native code)
C  [ig9icd64.dll+0x15d395]

Java frames: (J=compiled Java code, j=interpreted, Vv=VM code)
J 896  org.lwjgl.opengl.WindowsContextImplementation.nSwapBuffers(Ljava/nio/ByteBuffer;)V (0 bytes) @ 0x0000021eb63635a2 [0x0000021eb6363540+0x0000000000000062]
J 894 c1 org.lwjgl.opengl.WindowsContextImplementation.swapBuffers()V (67 bytes) @ 0x0000021eaef7dbbc [0x0000021eaef7d7c0+0x00000000000003fc]
J 892 c1 org.lwjgl.opengl.DrawableGL.swapBuffers()V (4 bytes) @ 0x0000021eaef7cfa4 [0x0000021eaef7cec0+0x00000000000000e4]
J 891 c1 org.lwjgl.opengl.Display.swapBuffers()V (55 bytes) @ 0x0000021eaef7c74c [0x0000021eaef7c380+0x00000000000003cc]
J 853 c1 org.lwjgl.opengl.Display.update(Z)V (154 bytes) @ 0x0000021eaef5a634 [0x0000021eaef5a180+0x00000000000004b4]
j  com.badlogic.gdx.backends.lwjgl.LwjglApplication.mainLoop()V+690
j  com.badlogic.gdx.backends.lwjgl.LwjglApplication$1.run()V+27
v  ~StubRoutines::call_stub

siginfo: EXCEPTION_ACCESS_VIOLATION (0xc0000005), writing address 0x0000021ec96c0000


Register to memory mapping:

RIP=0x00007ff86c6dd395 ig9icd64.dll
RAX=0x0000021ec96bff70 points into unknown readable memory: 00 00 04 00 00 00 00 00
RBX=0x0000021ec60b2b80 points into unknown readable memory: 80 73 fe c5 1e 02 00 00
RCX=0x0000021ec60e7088 points into unknown readable memory: 70 ff 6b c9 1e 02 00 00
RDX=0x0000000000000001 is an unknown value
RSP=0x0000006242ffe700 is pointing into the stack for thread: 0x0000021ec5eab000
RBP=0x0000006242ffe789 is pointing into the stack for thread: 0x0000021ec5eab000
RSI=0x0 is NULL
RDI=0x0000000000000090 is an unknown value
R8 =
[error occurred during error reporting (printing register info), id 0xc0000005, EXCEPTION_ACCESS_VIOLATION (0xc0000005) at pc=0x00007ff86d70872f]

Registers:
RAX=0x0000021ec96bff70, RBX=0x0000021ec60b2b80, RCX=0x0000021ec60e7088, RDX=0x0000000000000001
RSP=0x0000006242ffe700, RBP=0x0000006242ffe789, RSI=0x0000000000000000, RDI=0x0000000000000090
R8 =0x00000000ffffefff, R9 =0x00000000ffffefff, R10=0x0000800000000000, R11=0x0000800100000000
R12=0x0000021ec60e71d0, R13=0x0000000000000000, R14=0x0000021ec60e6e10, R15=0x000000000000007f
RIP=0x00007ff86c6dd395, EFLAGS=0x0000000000010282

Top of Stack: (sp=0x0000006242ffe700)
0x0000006242ffe700:   0000000000000000 0000000000000000
0x0000006242ffe710:   0000000000000000 0000021ec60e71d0
0x0000006242ffe720:   0000021ec60e7088 0000021ec60e6e10
0x0000006242ffe730:   0000000000000000 00007ff86c78aaf0
0x0000006242ffe740:   0000004161010011 0002000000008000
0x0000006242ffe750:   0000000000000041 0000000000000041
0x0000006242ffe760:   0000000000000021 0000800100000021
0x0000006242ffe770:   00080001ffffe001 ffffe001fffff001
0x0000006242ffe780:   0000000000000001 00007ff86c78b85f
0x0000006242ffe790:   0a000000e31d7000 0000000000000000
0x0000006242ffe7a0:   0000000000000000 00007ff86c855873
0x0000006242ffe7b0:   0000000000000000 0000000000000000
0x0000006242ffe7c0:   00004418338be337 0000000000000000
0x0000006242ffe7d0:   00105c3d00000000 0000021ec60b2b80
0x0000006242ffe7e0:   0000006242ffe8f0 00007ff86c6d6e60
0x0000006242ffe7f0:   0000021ec60e83a0 0000006242ffe8f0 

Instructions: (pc=0x00007ff86c6dd395)
0x00007ff86c6dd295:   50 8b 70 68 0f 10 40 20 0f 10 50 30 f2 0f 10 58
0x00007ff86c6dd2a5:   60 0f 29 4d e7 81 4d ef 00 f0 ff ff 66 0f 73 d9
0x00007ff86c6dd2b5:   04 0f 29 45 b7 0f 10 40 40 66 0f 7e c8 0f 29 55
0x00007ff86c6dd2c5:   c7 0f 29 45 d7 33 c1 25 ff 0f 00 00 33 c1 89 45
0x00007ff86c6dd2d5:   eb 48 8b 82 b0 42 03 00 8b 55 e7 8b 48 7c 0f ba
0x00007ff86c6dd2e5:   e1 1c 72 06 81 ca 00 f0 ff ff 0f ba e1 1d 8b 4d
0x00007ff86c6dd2f5:   f3 72 06 81 c9 00 f0 ff ff 48 8b 83 78 42 03 00
0x00007ff86c6dd305:   48 bf 00 f0 ff ff ff ff 00 00 4c 8b 90 04 0e 00
0x00007ff86c6dd315:   00 4c 8b 98 14 0e 00 00 4c 8b 80 0c 0e 00 00 4c
0x00007ff86c6dd325:   8b 88 1c 0e 00 00 4d 2b c2 4d 2b cb 4c 23 d7 4c
0x00007ff86c6dd335:   23 df 48 bf ff 0f 00 00 00 00 ff ff 83 38 00 48
0x00007ff86c6dd345:   8b 45 bb 48 23 c7 49 0b c2 48 89 45 bb 48 8b 45
0x00007ff86c6dd355:   df 0f 28 45 b7 48 23 c7 49 0b c3 48 89 45 df 41
0x00007ff86c6dd365:   8b c0 33 c2 25 ff 0f 00 00 41 33 c0 89 45 e7 41
0x00007ff86c6dd375:   8b c1 33 c1 48 8b 8b 20 45 03 00 25 ff 0f 00 00
0x00007ff86c6dd385:   41 33 c1 89 45 f3 8b 79 10 48 8b 01 0f 28 4d e7
0x00007ff86c6dd395:   0f 11 04 07 0f 28 45 d7 0f 11 54 07 10 0f 11 44
0x00007ff86c6dd3a5:   07 20 0f 11 4c 07 30 f2 0f 11 5c 07 40 89 74 07
0x00007ff86c6dd3b5:   48 33 f6 83 41 10 4c 8d 47 10 4c 8b 83 68 43 03
0x00007ff86c6dd3c5:   00 4d 85 c0 74 30 48 8b 93 20 45 03 00 45 33 c9
0x00007ff86c6dd3d5:   48 8b 8b a0 42 03 00 89 44 24 38 8b 45 c7 48 8b
0x00007ff86c6dd3e5:   12 89 44 24 30 89 74 24 28 c7 44 24 20 01 00 00
0x00007ff86c6dd3f5:   00 e8 35 07 01 00 4c 8b 83 d8 42 03 00 8d 47 18
0x00007ff86c6dd405:   4d 85 c0 74 30 48 8b 93 20 45 03 00 45 33 c9 48
0x00007ff86c6dd415:   8b 8b a0 42 03 00 89 44 24 38 8b 45 cf 48 8b 12
0x00007ff86c6dd425:   89 44 24 30 89 74 24 28 c7 44 24 20 02 00 00 00
0x00007ff86c6dd435:   e8 f6 06 01 00 48 8b 83 b0 42 03 00 f7 40 30 00
0x00007ff86c6dd445:   00 40 00 75 3f 4c 8b 83 d8 42 03 00 8d 47 20 4d
0x00007ff86c6dd455:   85 c0 74 30 48 8b 93 20 45 03 00 45 33 c9 48 8b
0x00007ff86c6dd465:   8b a0 42 03 00 89 44 24 38 8b 45 d7 48 8b 12 89
0x00007ff86c6dd475:   44 24 30 89 74 24 28 c7 44 24 20 02 00 00 00 e8
0x00007ff86c6dd485:   a7 06 01 00 48 89 75 07 48 89 75 1f c7 45 0b 04 


Stack slot to memory mapping:
stack at sp + 0 slots: 0x0 is NULL
stack at sp + 1 slots: 0x0 is NULL
stack at sp + 2 slots: 0x0 is NULL
stack at sp + 3 slots: 0x0000021ec60e71d0 points into unknown readable memory: 00 00 00 00 00 00 00 00
stack at sp + 4 slots: 0x0000021ec60e7088 points into unknown readable memory: 70 ff 6b c9 1e 02 00 00
stack at sp + 5 slots: 0x0000021ec60e6e10 points into unknown readable memory: 20 de f2 6c f8 7f 00 00
stack at sp + 6 slots: 0x0 is NULL
stack at sp + 7 slots: 0x00007ff86c78aaf0 ig9icd64.dll


---------------  P R O C E S S  ---------------

Threads class SMR info:
_java_thread_list=0x0000021ec63aa690, length=12, elements={
0x0000021ec52d6800, 0x0000021ec52d9800, 0x0000021ec52f0800, 0x0000021ec52f2000,
0x0000021ec52f7000, 0x0000021ec5304800, 0x0000021ec530f000, 0x0000021ec5d5f000,
0x0000021ec5d76800, 0x0000021ec5eab000, 0x0000021ea42be000, 0x0000021ec6833800
}

Java Threads: ( => current thread )
  0x0000021ec52d6800 JavaThread "Reference Handler" daemon [_thread_blocked, id=14956, stack(0x0000006242500000,0x0000006242600000)]
  0x0000021ec52d9800 JavaThread "Finalizer" daemon [_thread_blocked, id=11760, stack(0x0000006242600000,0x0000006242700000)]
  0x0000021ec52f0800 JavaThread "Signal Dispatcher" daemon [_thread_blocked, id=6680, stack(0x0000006242700000,0x0000006242800000)]
  0x0000021ec52f2000 JavaThread "Attach Listener" daemon [_thread_blocked, id=16192, stack(0x0000006242800000,0x0000006242900000)]
  0x0000021ec52f7000 JavaThread "C2 CompilerThread0" daemon [_thread_blocked, id=15736, stack(0x0000006242900000,0x0000006242a00000)]
  0x0000021ec5304800 JavaThread "C1 CompilerThread0" daemon [_thread_blocked, id=15728, stack(0x0000006242a00000,0x0000006242b00000)]
  0x0000021ec530f000 JavaThread "Sweeper thread" daemon [_thread_blocked, id=15732, stack(0x0000006242b00000,0x0000006242c00000)]
  0x0000021ec5d5f000 JavaThread "Service Thread" daemon [_thread_blocked, id=5388, stack(0x0000006242c00000,0x0000006242d00000)]
  0x0000021ec5d76800 JavaThread "Common-Cleaner" daemon [_thread_blocked, id=2520, stack(0x0000006242e00000,0x0000006242f00000)]
=>0x0000021ec5eab000 JavaThread "LWJGL Application" [_thread_in_native, id=15464, stack(0x0000006242f00000,0x0000006243000000)]
  0x0000021ea42be000 JavaThread "DestroyJavaVM" [_thread_blocked, id=16012, stack(0x0000006241e00000,0x0000006241f00000)]
  0x0000021ec6833800 JavaThread "LWJGL Timer" daemon [_thread_blocked, id=6216, stack(0x0000006243300000,0x0000006243400000)]

Other Threads:
  0x0000021ec52d1000 VMThread "VM Thread" [stack: 0x0000006242400000,0x0000006242500000] [id=9828]
  0x0000021ec5d76000 WatcherThread [stack: 0x0000006242d00000,0x0000006242e00000] [id=8416]
  0x0000021ea6393800 GCTaskThread "GC Thread#0" [stack: 0x0000006241f00000,0x0000006242000000] [id=15032]
  0x0000021ea63a5000 ConcurrentGCThread "G1 Main Marker" [stack: 0x0000006242000000,0x0000006242100000] [id=5448]
  0x0000021ea63a7000 ConcurrentGCThread "G1 Conc#0" [stack: 0x0000006242100000,0x0000006242200000] [id=11968]
  0x0000021ea641e000 ConcurrentGCThread "G1 Refine#0" [stack: 0x0000006242200000,0x0000006242300000] [id=7744]
  0x0000021ec5150800 ConcurrentGCThread "G1 Young RemSet Sampling" [stack: 0x0000006242300000,0x0000006242400000] [id=8020]

Threads with active compile tasks:

VM state:not at safepoint (normal execution)

VM Mutex/Monitor currently owned by a thread: None

Heap address: 0x0000000081400000, size: 2028 MB, Compressed Oops mode: 32-bit
Narrow klass base: 0x0000000800000000, Narrow klass shift: 3
Compressed class space size: 1073741824 Address: 0x0000000800b40000

Heap:
 garbage-first heap   total 131072K, used 8192K [0x0000000081400000, 0x0000000100000000)
  region size 1024K, 10 young (10240K), 0 survivors (0K)
 Metaspace       used 4906K, capacity 6916K, committed 7296K, reserved 1056768K
  class space    used 357K, capacity 567K, committed 640K, reserved 1048576K
Heap Regions: E=young(eden), S=young(survivor), O=old, HS=humongous(starts), HC=humongous(continues), CS=collection set, F=free, A=archive, TAMS=top-at-mark-start (previous, next)
|   0|0x0000000081400000, 0x0000000081400000, 0x0000000081500000|  0%| F|  |TAMS 0x0000000081400000, 0x0000000081400000| Untracked 
|   1|0x0000000081500000, 0x0000000081500000, 0x0000000081600000|  0%| F|  |TAMS 0x0000000081500000, 0x0000000081500000| Untracked 
|   2|0x0000000081600000, 0x0000000081600000, 0x0000000081700000|  0%| F|  |TAMS 0x0000000081600000, 0x0000000081600000| Untracked 
|   3|0x0000000081700000, 0x0000000081700000, 0x0000000081800000|  0%| F|  |TAMS 0x0000000081700000, 0x0000000081700000| Untracked 
|   4|0x0000000081800000, 0x0000000081800000, 0x0000000081900000|  0%| F|  |TAMS 0x0000000081800000, 0x0000000081800000| Untracked 
|   5|0x0000000081900000, 0x0000000081900000, 0x0000000081a00000|  0%| F|  |TAMS 0x0000000081900000, 0x0000000081900000| Untracked 
|   6|0x0000000081a00000, 0x0000000081a00000, 0x0000000081b00000|  0%| F|  |TAMS 0x0000000081a00000, 0x0000000081a00000| Untracked 
|   7|0x0000000081b00000, 0x0000000081b00000, 0x0000000081c00000|  0%| F|  |TAMS 0x0000000081b00000, 0x0000000081b00000| Untracked 
|   8|0x0000000081c00000, 0x0000000081c00000, 0x0000000081d00000|  0%| F|  |TAMS 0x0000000081c00000, 0x0000000081c00000| Untracked 
|   9|0x0000000081d00000, 0x0000000081d00000, 0x0000000081e00000|  0%| F|  |TAMS 0x0000000081d00000, 0x0000000081d00000| Untracked 
|  10|0x0000000081e00000, 0x0000000081e00000, 0x0000000081f00000|  0%| F|  |TAMS 0x0000000081e00000, 0x0000000081e00000| Untracked 
|  11|0x0000000081f00000, 0x0000000081f00000, 0x0000000082000000|  0%| F|  |TAMS 0x0000000081f00000, 0x0000000081f00000| Untracked 
|  12|0x0000000082000000, 0x0000000082000000, 0x0000000082100000|  0%| F|  |TAMS 0x0000000082000000, 0x0000000082000000| Untracked 
|  13|0x0000000082100000, 0x0000000082100000, 0x0000000082200000|  0%| F|  |TAMS 0x0000000082100000, 0x0000000082100000| Untracked 
|  14|0x0000000082200000, 0x0000000082200000, 0x0000000082300000|  0%| F|  |TAMS 0x0000000082200000, 0x0000000082200000| Untracked 
|  15|0x0000000082300000, 0x0000000082300000, 0x0000000082400000|  0%| F|  |TAMS 0x0000000082300000, 0x0000000082300000| Untracked 
|  16|0x0000000082400000, 0x0000000082400000, 0x0000000082500000|  0%| F|  |TAMS 0x0000000082400000, 0x0000000082400000| Untracked 
|  17|0x0000000082500000, 0x0000000082500000, 0x0000000082600000|  0%| F|  |TAMS 0x0000000082500000, 0x0000000082500000| Untracked 
|  18|0x0000000082600000, 0x0000000082600000, 0x0000000082700000|  0%| F|  |TAMS 0x0000000082600000, 0x0000000082600000| Untracked 
|  19|0x0000000082700000, 0x0000000082700000, 0x0000000082800000|  0%| F|  |TAMS 0x0000000082700000, 0x0000000082700000| Untracked 
|  20|0x0000000082800000, 0x0000000082800000, 0x0000000082900000|  0%| F|  |TAMS 0x0000000082800000, 0x0000000082800000| Untracked 
|  21|0x0000000082900000, 0x0000000082900000, 0x0000000082a00000|  0%| F|  |TAMS 0x0000000082900000, 0x0000000082900000| Untracked 
|  22|0x0000000082a00000, 0x0000000082a00000, 0x0000000082b00000|  0%| F|  |TAMS 0x0000000082a00000, 0x0000000082a00000| Untracked 
|  23|0x0000000082b00000, 0x0000000082b00000, 0x0000000082c00000|  0%| F|  |TAMS 0x0000000082b00000, 0x0000000082b00000| Untracked 
|  24|0x0000000082c00000, 0x0000000082c00000, 0x0000000082d00000|  0%| F|  |TAMS 0x0000000082c00000, 0x0000000082c00000| Untracked 
|  25|0x0000000082d00000, 0x0000000082d00000, 0x0000000082e00000|  0%| F|  |TAMS 0x0000000082d00000, 0x0000000082d00000| Untracked 
|  26|0x0000000082e00000, 0x0000000082e00000, 0x0000000082f00000|  0%| F|  |TAMS 0x0000000082e00000, 0x0000000082e00000| Untracked 
|  27|0x0000000082f00000, 0x0000000082f00000, 0x0000000083000000|  0%| F|  |TAMS 0x0000000082f00000, 0x0000000082f00000| Untracked 
|  28|0x0000000083000000, 0x0000000083000000, 0x0000000083100000|  0%| F|  |TAMS 0x0000000083000000, 0x0000000083000000| Untracked 
|  29|0x0000000083100000, 0x0000000083100000, 0x0000000083200000|  0%| F|  |TAMS 0x0000000083100000, 0x0000000083100000| Untracked 
|  30|0x0000000083200000, 0x0000000083200000, 0x0000000083300000|  0%| F|  |TAMS 0x0000000083200000, 0x0000000083200000| Untracked 
|  31|0x0000000083300000, 0x0000000083300000, 0x0000000083400000|  0%| F|  |TAMS 0x0000000083300000, 0x0000000083300000| Untracked 
|  32|0x0000000083400000, 0x0000000083400000, 0x0000000083500000|  0%| F|  |TAMS 0x0000000083400000, 0x0000000083400000| Untracked 
|  33|0x0000000083500000, 0x0000000083500000, 0x0000000083600000|  0%| F|  |TAMS 0x0000000083500000, 0x0000000083500000| Untracked 
|  34|0x0000000083600000, 0x0000000083600000, 0x0000000083700000|  0%| F|  |TAMS 0x0000000083600000, 0x0000000083600000| Untracked 
|  35|0x0000000083700000, 0x0000000083700000, 0x0000000083800000|  0%| F|  |TAMS 0x0000000083700000, 0x0000000083700000| Untracked 
|  36|0x0000000083800000, 0x0000000083800000, 0x0000000083900000|  0%| F|  |TAMS 0x0000000083800000, 0x0000000083800000| Untracked 
|  37|0x0000000083900000, 0x0000000083900000, 0x0000000083a00000|  0%| F|  |TAMS 0x0000000083900000, 0x0000000083900000| Untracked 
|  38|0x0000000083a00000, 0x0000000083a00000, 0x0000000083b00000|  0%| F|  |TAMS 0x0000000083a00000, 0x0000000083a00000| Untracked 
|  39|0x0000000083b00000, 0x0000000083b00000, 0x0000000083c00000|  0%| F|  |TAMS 0x0000000083b00000, 0x0000000083b00000| Untracked 
|  40|0x0000000083c00000, 0x0000000083c00000, 0x0000000083d00000|  0%| F|  |TAMS 0x0000000083c00000, 0x0000000083c00000| Untracked 
|  41|0x0000000083d00000, 0x0000000083d00000, 0x0000000083e00000|  0%| F|  |TAMS 0x0000000083d00000, 0x0000000083d00000| Untracked 
|  42|0x0000000083e00000, 0x0000000083e00000, 0x0000000083f00000|  0%| F|  |TAMS 0x0000000083e00000, 0x0000000083e00000| Untracked 
|  43|0x0000000083f00000, 0x0000000083f00000, 0x0000000084000000|  0%| F|  |TAMS 0x0000000083f00000, 0x0000000083f00000| Untracked 
|  44|0x0000000084000000, 0x0000000084000000, 0x0000000084100000|  0%| F|  |TAMS 0x0000000084000000, 0x0000000084000000| Untracked 
|  45|0x0000000084100000, 0x0000000084100000, 0x0000000084200000|  0%| F|  |TAMS 0x0000000084100000, 0x0000000084100000| Untracked 
|  46|0x0000000084200000, 0x0000000084200000, 0x0000000084300000|  0%| F|  |TAMS 0x0000000084200000, 0x0000000084200000| Untracked 
|  47|0x0000000084300000, 0x0000000084300000, 0x0000000084400000|  0%| F|  |TAMS 0x0000000084300000, 0x0000000084300000| Untracked 
|  48|0x0000000084400000, 0x0000000084400000, 0x0000000084500000|  0%| F|  |TAMS 0x0000000084400000, 0x0000000084400000| Untracked 
|  49|0x0000000084500000, 0x0000000084500000, 0x0000000084600000|  0%| F|  |TAMS 0x0000000084500000, 0x0000000084500000| Untracked 
|  50|0x0000000084600000, 0x0000000084600000, 0x0000000084700000|  0%| F|  |TAMS 0x0000000084600000, 0x0000000084600000| Untracked 
|  51|0x0000000084700000, 0x0000000084700000, 0x0000000084800000|  0%| F|  |TAMS 0x0000000084700000, 0x0000000084700000| Untracked 
|  52|0x0000000084800000, 0x0000000084800000, 0x0000000084900000|  0%| F|  |TAMS 0x0000000084800000, 0x0000000084800000| Untracked 
|  53|0x0000000084900000, 0x0000000084900000, 0x0000000084a00000|  0%| F|  |TAMS 0x0000000084900000, 0x0000000084900000| Untracked 
|  54|0x0000000084a00000, 0x0000000084a00000, 0x0000000084b00000|  0%| F|  |TAMS 0x0000000084a00000, 0x0000000084a00000| Untracked 
|  55|0x0000000084b00000, 0x0000000084b00000, 0x0000000084c00000|  0%| F|  |TAMS 0x0000000084b00000, 0x0000000084b00000| Untracked 
|  56|0x0000000084c00000, 0x0000000084c00000, 0x0000000084d00000|  0%| F|  |TAMS 0x0000000084c00000, 0x0000000084c00000| Untracked 
|  57|0x0000000084d00000, 0x0000000084d00000, 0x0000000084e00000|  0%| F|  |TAMS 0x0000000084d00000, 0x0000000084d00000| Untracked 
|  58|0x0000000084e00000, 0x0000000084e00000, 0x0000000084f00000|  0%| F|  |TAMS 0x0000000084e00000, 0x0000000084e00000| Untracked 
|  59|0x0000000084f00000, 0x0000000084f00000, 0x0000000085000000|  0%| F|  |TAMS 0x0000000084f00000, 0x0000000084f00000| Untracked 
|  60|0x0000000085000000, 0x0000000085000000, 0x0000000085100000|  0%| F|  |TAMS 0x0000000085000000, 0x0000000085000000| Untracked 
|  61|0x0000000085100000, 0x0000000085100000, 0x0000000085200000|  0%| F|  |TAMS 0x0000000085100000, 0x0000000085100000| Untracked 
|  62|0x0000000085200000, 0x0000000085200000, 0x0000000085300000|  0%| F|  |TAMS 0x0000000085200000, 0x0000000085200000| Untracked 
|  63|0x0000000085300000, 0x0000000085300000, 0x0000000085400000|  0%| F|  |TAMS 0x0000000085300000, 0x0000000085300000| Untracked 
|  64|0x0000000085400000, 0x0000000085400000, 0x0000000085500000|  0%| F|  |TAMS 0x0000000085400000, 0x0000000085400000| Untracked 
|  65|0x0000000085500000, 0x0000000085500000, 0x0000000085600000|  0%| F|  |TAMS 0x0000000085500000, 0x0000000085500000| Untracked 
|  66|0x0000000085600000, 0x0000000085600000, 0x0000000085700000|  0%| F|  |TAMS 0x0000000085600000, 0x0000000085600000| Untracked 
|  67|0x0000000085700000, 0x0000000085700000, 0x0000000085800000|  0%| F|  |TAMS 0x0000000085700000, 0x0000000085700000| Untracked 
|  68|0x0000000085800000, 0x0000000085800000, 0x0000000085900000|  0%| F|  |TAMS 0x0000000085800000, 0x0000000085800000| Untracked 
|  69|0x0000000085900000, 0x0000000085900000, 0x0000000085a00000|  0%| F|  |TAMS 0x0000000085900000, 0x0000000085900000| Untracked 
|  70|0x0000000085a00000, 0x0000000085a00000, 0x0000000085b00000|  0%| F|  |TAMS 0x0000000085a00000, 0x0000000085a00000| Untracked 
|  71|0x0000000085b00000, 0x0000000085b00000, 0x0000000085c00000|  0%| F|  |TAMS 0x0000000085b00000, 0x0000000085b00000| Untracked 
|  72|0x0000000085c00000, 0x0000000085c00000, 0x0000000085d00000|  0%| F|  |TAMS 0x0000000085c00000, 0x0000000085c00000| Untracked 
|  73|0x0000000085d00000, 0x0000000085d00000, 0x0000000085e00000|  0%| F|  |TAMS 0x0000000085d00000, 0x0000000085d00000| Untracked 
|  74|0x0000000085e00000, 0x0000000085e00000, 0x0000000085f00000|  0%| F|  |TAMS 0x0000000085e00000, 0x0000000085e00000| Untracked 
|  75|0x0000000085f00000, 0x0000000085f00000, 0x0000000086000000|  0%| F|  |TAMS 0x0000000085f00000, 0x0000000085f00000| Untracked 
|  76|0x0000000086000000, 0x0000000086000000, 0x0000000086100000|  0%| F|  |TAMS 0x0000000086000000, 0x0000000086000000| Untracked 
|  77|0x0000000086100000, 0x0000000086100000, 0x0000000086200000|  0%| F|  |TAMS 0x0000000086100000, 0x0000000086100000| Untracked 
|  78|0x0000000086200000, 0x0000000086200000, 0x0000000086300000|  0%| F|  |TAMS 0x0000000086200000, 0x0000000086200000| Untracked 
|  79|0x0000000086300000, 0x0000000086300000, 0x0000000086400000|  0%| F|  |TAMS 0x0000000086300000, 0x0000000086300000| Untracked 
|  80|0x0000000086400000, 0x0000000086400000, 0x0000000086500000|  0%| F|  |TAMS 0x0000000086400000, 0x0000000086400000| Untracked 
|  81|0x0000000086500000, 0x0000000086500000, 0x0000000086600000|  0%| F|  |TAMS 0x0000000086500000, 0x0000000086500000| Untracked 
|  82|0x0000000086600000, 0x0000000086600000, 0x0000000086700000|  0%| F|  |TAMS 0x0000000086600000, 0x0000000086600000| Untracked 
|  83|0x0000000086700000, 0x0000000086700000, 0x0000000086800000|  0%| F|  |TAMS 0x0000000086700000, 0x0000000086700000| Untracked 
|  84|0x0000000086800000, 0x0000000086800000, 0x0000000086900000|  0%| F|  |TAMS 0x0000000086800000, 0x0000000086800000| Untracked 
|  85|0x0000000086900000, 0x0000000086900000, 0x0000000086a00000|  0%| F|  |TAMS 0x0000000086900000, 0x0000000086900000| Untracked 
|  86|0x0000000086a00000, 0x0000000086a00000, 0x0000000086b00000|  0%| F|  |TAMS 0x0000000086a00000, 0x0000000086a00000| Untracked 
|  87|0x0000000086b00000, 0x0000000086b00000, 0x0000000086c00000|  0%| F|  |TAMS 0x0000000086b00000, 0x0000000086b00000| Untracked 
|  88|0x0000000086c00000, 0x0000000086c00000, 0x0000000086d00000|  0%| F|  |TAMS 0x0000000086c00000, 0x0000000086c00000| Untracked 
|  89|0x0000000086d00000, 0x0000000086d00000, 0x0000000086e00000|  0%| F|  |TAMS 0x0000000086d00000, 0x0000000086d00000| Untracked 
|  90|0x0000000086e00000, 0x0000000086e00000, 0x0000000086f00000|  0%| F|  |TAMS 0x0000000086e00000, 0x0000000086e00000| Untracked 
|  91|0x0000000086f00000, 0x0000000086f00000, 0x0000000087000000|  0%| F|  |TAMS 0x0000000086f00000, 0x0000000086f00000| Untracked 
|  92|0x0000000087000000, 0x0000000087000000, 0x0000000087100000|  0%| F|  |TAMS 0x0000000087000000, 0x0000000087000000| Untracked 
|  93|0x0000000087100000, 0x0000000087100000, 0x0000000087200000|  0%| F|  |TAMS 0x0000000087100000, 0x0000000087100000| Untracked 
|  94|0x0000000087200000, 0x0000000087200000, 0x0000000087300000|  0%| F|  |TAMS 0x0000000087200000, 0x0000000087200000| Untracked 
|  95|0x0000000087300000, 0x0000000087300000, 0x0000000087400000|  0%| F|  |TAMS 0x0000000087300000, 0x0000000087300000| Untracked 
|  96|0x0000000087400000, 0x0000000087400000, 0x0000000087500000|  0%| F|  |TAMS 0x0000000087400000, 0x0000000087400000| Untracked 
|  97|0x0000000087500000, 0x0000000087500000, 0x0000000087600000|  0%| F|  |TAMS 0x0000000087500000, 0x0000000087500000| Untracked 
|  98|0x0000000087600000, 0x0000000087600000, 0x0000000087700000|  0%| F|  |TAMS 0x0000000087600000, 0x0000000087600000| Untracked 
|  99|0x0000000087700000, 0x0000000087700000, 0x0000000087800000|  0%| F|  |TAMS 0x0000000087700000, 0x0000000087700000| Untracked 
| 100|0x0000000087800000, 0x0000000087800000, 0x0000000087900000|  0%| F|  |TAMS 0x0000000087800000, 0x0000000087800000| Untracked 
| 101|0x0000000087900000, 0x0000000087900000, 0x0000000087a00000|  0%| F|  |TAMS 0x0000000087900000, 0x0000000087900000| Untracked 
| 102|0x0000000087a00000, 0x0000000087a00000, 0x0000000087b00000|  0%| F|  |TAMS 0x0000000087a00000, 0x0000000087a00000| Untracked 
| 103|0x0000000087b00000, 0x0000000087b00000, 0x0000000087c00000|  0%| F|  |TAMS 0x0000000087b00000, 0x0000000087b00000| Untracked 
| 104|0x0000000087c00000, 0x0000000087c00000, 0x0000000087d00000|  0%| F|  |TAMS 0x0000000087c00000, 0x0000000087c00000| Untracked 
| 105|0x0000000087d00000, 0x0000000087d00000, 0x0000000087e00000|  0%| F|  |TAMS 0x0000000087d00000, 0x0000000087d00000| Untracked 
| 106|0x0000000087e00000, 0x0000000087e00000, 0x0000000087f00000|  0%| F|  |TAMS 0x0000000087e00000, 0x0000000087e00000| Untracked 
| 107|0x0000000087f00000, 0x0000000087f00000, 0x0000000088000000|  0%| F|  |TAMS 0x0000000087f00000, 0x0000000087f00000| Untracked 
| 108|0x0000000088000000, 0x0000000088000000, 0x0000000088100000|  0%| F|  |TAMS 0x0000000088000000, 0x0000000088000000| Untracked 
| 109|0x0000000088100000, 0x0000000088100000, 0x0000000088200000|  0%| F|  |TAMS 0x0000000088100000, 0x0000000088100000| Untracked 
| 110|0x0000000088200000, 0x0000000088200000, 0x0000000088300000|  0%| F|  |TAMS 0x0000000088200000, 0x0000000088200000| Untracked 
| 111|0x0000000088300000, 0x0000000088300000, 0x0000000088400000|  0%| F|  |TAMS 0x0000000088300000, 0x0000000088300000| Untracked 
| 112|0x0000000088400000, 0x0000000088400000, 0x0000000088500000|  0%| F|  |TAMS 0x0000000088400000, 0x0000000088400000| Untracked 
| 113|0x0000000088500000, 0x0000000088500000, 0x0000000088600000|  0%| F|  |TAMS 0x0000000088500000, 0x0000000088500000| Untracked 
| 114|0x0000000088600000, 0x0000000088600000, 0x0000000088700000|  0%| F|  |TAMS 0x0000000088600000, 0x0000000088600000| Untracked 
| 115|0x0000000088700000, 0x0000000088700000, 0x0000000088800000|  0%| F|  |TAMS 0x0000000088700000, 0x0000000088700000| Untracked 
| 116|0x0000000088800000, 0x0000000088800000, 0x0000000088900000|  0%| F|  |TAMS 0x0000000088800000, 0x0000000088800000| Untracked 
| 117|0x0000000088900000, 0x0000000088900000, 0x0000000088a00000|  0%| F|  |TAMS 0x0000000088900000, 0x0000000088900000| Untracked 
| 118|0x0000000088a00000, 0x0000000088a7b8a0, 0x0000000088b00000| 48%| E|  |TAMS 0x0000000088a00000, 0x0000000088a00000| Complete 
| 119|0x0000000088b00000, 0x0000000088c00000, 0x0000000088c00000|100%| E|CS|TAMS 0x0000000088b00000, 0x0000000088b00000| Complete 
| 120|0x0000000088c00000, 0x0000000088d00000, 0x0000000088d00000|100%| E|CS|TAMS 0x0000000088c00000, 0x0000000088c00000| Complete 
| 121|0x0000000088d00000, 0x0000000088e00000, 0x0000000088e00000|100%| E|CS|TAMS 0x0000000088d00000, 0x0000000088d00000| Complete 
| 122|0x0000000088e00000, 0x0000000088f00000, 0x0000000088f00000|100%| E|  |TAMS 0x0000000088e00000, 0x0000000088e00000| Complete 
| 123|0x0000000088f00000, 0x0000000089000000, 0x0000000089000000|100%| E|CS|TAMS 0x0000000088f00000, 0x0000000088f00000| Complete 
| 124|0x0000000089000000, 0x0000000089100000, 0x0000000089100000|100%| E|CS|TAMS 0x0000000089000000, 0x0000000089000000| Complete 
| 125|0x0000000089100000, 0x0000000089200000, 0x0000000089200000|100%| E|CS|TAMS 0x0000000089100000, 0x0000000089100000| Complete 
| 126|0x0000000089200000, 0x0000000089300000, 0x0000000089300000|100%| E|CS|TAMS 0x0000000089200000, 0x0000000089200000| Complete 
| 127|0x0000000089300000, 0x0000000089400000, 0x0000000089400000|100%| E|CS|TAMS 0x0000000089300000, 0x0000000089300000| Complete 

Card table byte_map: [0x0000021ebe090000,0x0000021ebe490000] _byte_map_base: 0x0000021ebdc86000

Marking Bits (Prev, Next): (CMBitMap*) 0x0000021ea6394628, (CMBitMap*) 0x0000021ea6394668
 Prev Bits: [0x0000021ebe890000, 0x0000021ec0840000)
 Next Bits: [0x0000021ec0840000, 0x0000021ec27f0000)

Polling page: 0x0000021ea4300000

Metaspace:

Usage:
  Non-class:      6.20 MB capacity,     4.44 MB ( 72%) used,     1.75 MB ( 28%) free+waste,     7.63 KB ( <1%) overhead. 
      Class:    567.00 KB capacity,   357.33 KB ( 63%) used,   206.05 KB ( 36%) free+waste,     3.63 KB ( <1%) overhead. 
       Both:      6.75 MB capacity,     4.79 MB ( 71%) used,     1.95 MB ( 29%) free+waste,    11.25 KB ( <1%) overhead. 

Virtual space:
  Non-class space:        8.00 MB reserved,       6.50 MB ( 81%) committed 
      Class space:        1.00 GB reserved,     640.00 KB ( <1%) committed 
             Both:        1.01 GB reserved,       7.13 MB ( <1%) committed 

Chunk freelists:
   Non-Class:  115.00 KB
       Class:  9.00 KB
        Both:  124.00 KB

MaxMetaspaceSize: 17179869184.00 GB
CompressedClassSpaceSize: 1.00 GB

CodeHeap 'non-profiled nmethods': size=120000Kb used=358Kb max_used=358Kb free=119641Kb
 bounds [0x0000021eb6320000, 0x0000021eb6590000, 0x0000021ebd850000]
CodeHeap 'profiled nmethods': size=120000Kb used=1978Kb max_used=1978Kb free=118022Kb
 bounds [0x0000021eaedf0000, 0x0000021eaf060000, 0x0000021eb6320000]
CodeHeap 'non-nmethods': size=5760Kb used=1270Kb max_used=1289Kb free=4489Kb
 bounds [0x0000021eae850000, 0x0000021eaeac0000, 0x0000021eaedf0000]
 total_blobs=2078 nmethods=1021 adapters=460
 compilation: enabled
              stopped_count=0, restarted_count=0
 full_count=0

Compilation events (20 events):
Event: 126.429 Thread 0x0000021ec52f7000 1015       4       com.badlogic.gdx.graphics.Pixmap$Format::fromGdx2DPixmapFormat (82 bytes)
Event: 126.449 Thread 0x0000021ec52f7000 nmethod 1015 0x0000021eb6374390 code [0x0000021eb6374520, 0x0000021eb63745f8]
Event: 126.449 Thread 0x0000021ec52f7000 1016       4       com.badlogic.gdx.graphics.g2d.Gdx2DPixmap::getGLInternalFormat (90 bytes)
Event: 126.450 Thread 0x0000021ec52f7000 nmethod 1016 0x0000021eb6374710 code [0x0000021eb63748a0, 0x0000021eb6374938]
Event: 126.480 Thread 0x0000021ec52f7000 1017       4       com.badlogic.gdx.graphics.g2d.SpriteBatch::flush (185 bytes)
Event: 126.628 Thread 0x0000021ec52f7000 nmethod 1017 0x0000021eb6374a10 code [0x0000021eb6374d20, 0x0000021eb6376820]
Event: 126.628 Thread 0x0000021ec52f7000 1018       4       com.badlogic.gdx.utils.BufferUtils::copy (45 bytes)
Event: 126.631 Thread 0x0000021ec52f7000 nmethod 1018 0x0000021eb6378690 code [0x0000021eb6378840, 0x0000021eb6378bc8]
Event: 141.920 Thread 0x0000021ec52f7000 1019       4       java.util.ArrayList::clear (43 bytes)
Event: 141.923 Thread 0x0000021ec52f7000 nmethod 1019 0x0000021eb6379010 code [0x0000021eb63791a0, 0x0000021eb6379238]
Event: 149.838 Thread 0x0000021ec52f7000 1020       4       com.badlogic.gdx.graphics.glutils.ShaderProgram::checkManaged (25 bytes)
Event: 149.839 Thread 0x0000021ec52f7000 nmethod 1020 0x0000021eb6379310 code [0x0000021eb63794a0, 0x0000021eb6379538]
Event: 152.561 Thread 0x0000021ec52f7000 1021       4       jdk.internal.misc.Unsafe::checkNativeAddress (28 bytes)
Event: 152.561 Thread 0x0000021ec52f7000 nmethod 1021 0x0000021eb6379610 code [0x0000021eb63797a0, 0x0000021eb6379818]
Event: 201.787 Thread 0x0000021ec5304800 1022       3       jdk.internal.loader.ClassLoaders$AppClassLoader::loadClass (40 bytes)
Event: 201.814 Thread 0x0000021ec5304800 nmethod 1022 0x0000021eaefdcd10 code [0x0000021eaefdcf60, 0x0000021eaefdd920]
Event: 201.999 Thread 0x0000021ec5304800 1023       3       jdk.internal.ref.CleanerFactory::cleaner (4 bytes)
Event: 202.013 Thread 0x0000021ec5304800 nmethod 1023 0x0000021eaefddc90 code [0x0000021eaefdde20, 0x0000021eaefddf78]
Event: 202.236 Thread 0x0000021ec5304800 1024       3       java.util.LinkedHashMap::get (33 bytes)
Event: 202.249 Thread 0x0000021ec5304800 nmethod 1024 0x0000021eaefde010 code [0x0000021eaefde200, 0x0000021eaefde650]

GC Heap History (0 events):
No events

Deoptimization events (16 events):
Event: 0.113 Thread 0x0000021ea42be000 DEOPT PACKING pc=0x0000021eaee1200e sp=0x0000006241efc780
Event: 0.113 Thread 0x0000021ea42be000 DEOPT UNPACKING pc=0x0000021eae89964e sp=0x0000006241efbc20 mode 0
Event: 0.114 Thread 0x0000021ea42be000 DEOPT PACKING pc=0x0000021eaee1200e sp=0x0000006241efc780
Event: 0.114 Thread 0x0000021ea42be000 DEOPT UNPACKING pc=0x0000021eae89964e sp=0x0000006241efbc20 mode 0
Event: 0.123 Thread 0x0000021ea42be000 Uncommon trap: trap_request=0xffffff45 fr.pc=0x0000021eb6324f30 relative=0x0000000000000210
Event: 0.123 Thread 0x0000021ea42be000 Uncommon trap: reason=unstable_if action=reinterpret pc=0x0000021eb6324f30 method=java.lang.String.hashCode()I @ 13 c2
Event: 0.123 Thread 0x0000021ea42be000 DEOPT PACKING pc=0x0000021eb6324f30 sp=0x0000006241efd050
Event: 0.123 Thread 0x0000021ea42be000 DEOPT UNPACKING pc=0x0000021eae89912f sp=0x0000006241efcfe8 mode 2
Event: 8.147 Thread 0x0000021ec5eab000 DEOPT PACKING pc=0x0000021eaee6b7df sp=0x0000006242ff9fd0
Event: 8.147 Thread 0x0000021ec5eab000 DEOPT UNPACKING pc=0x0000021eae89964e sp=0x0000006242ff9420 mode 0
Event: 44.327 Thread 0x0000021ec5eab000 DEOPT PACKING pc=0x0000021eaef28ea5 sp=0x0000006242fff070
Event: 44.436 Thread 0x0000021ec5eab000 DEOPT UNPACKING pc=0x0000021eae89964e sp=0x0000006242ffe568 mode 0
Event: 202.254 Thread 0x0000021ec5eab000 Uncommon trap: trap_request=0xffffff45 fr.pc=0x0000021eb6379214 relative=0x0000000000000074
Event: 202.255 Thread 0x0000021ec5eab000 Uncommon trap: reason=unstable_if action=reinterpret pc=0x0000021eb6379214 method=java.util.ArrayList.clear()V @ 29 c2
Event: 202.256 Thread 0x0000021ec5eab000 DEOPT PACKING pc=0x0000021eb6379214 sp=0x0000006242fff1f0
Event: 202.256 Thread 0x0000021ec5eab000 DEOPT UNPACKING pc=0x0000021eae89912f sp=0x0000006242fff168 mode 2

Classes unloaded (0 events):
No events

Classes redefined (0 events):
No events

Internal exceptions (6 events):
Event: 0.123 Thread 0x0000021ea42be000 Exception <a 'java/lang/ClassNotFoundException'{0x00000000892e67c8}: sun/awt/resources/spi/awtProvider> (0x00000000892e67c8) 
thrown [t:/workspace/open/src/hotspot/share/classfile/systemDictionary.cpp, line 232]
Event: 0.197 Thread 0x0000021ea42be000 Exception <a 'java/io/FileNotFoundException'{0x0000000089134aa0}> (0x0000000089134aa0) 
thrown [t:/workspace/open/src/hotspot/share/prims/jni.cpp, line 598]
Event: 0.209 Thread 0x0000021ea42be000 Exception <a 'java/io/FileNotFoundException'{0x000000008915b058}> (0x000000008915b058) 
thrown [t:/workspace/open/src/hotspot/share/prims/jni.cpp, line 598]
Event: 0.223 Thread 0x0000021ea42be000 Exception <a 'java/lang/NoSuchMethodError'{0x00000000891727c8}: 'int java.lang.invoke.DirectMethodHandle$Holder.invokeSpecialIFC(java.lang.Object, java.lang.Object, int)'> (0x00000000891727c8) 
thrown [t:/workspace/open/src/hotspot/share/interpreter/linkResolver.cpp, line 767]
Event: 7.466 Thread 0x0000021ea42be000 Exception <a 'java/lang/NoSuchMethodError'{0x00000000890ced68}: 'java.lang.Object java.lang.invoke.DirectMethodHandle$Holder.invokeStaticInit(java.lang.Object, int, int, int, int)'> (0x00000000890ced68) 
thrown [t:/workspace/open/src/hotspot/share/interpreter/linkResolver.cpp, line 767]
Event: 7.899 Thread 0x0000021ea42be000 Exception <a 'java/lang/NoSuchMethodError'{0x0000000088f15238}: 'java.lang.Object java.lang.invoke.DirectMethodHandle$Holder.invokeStaticInit(java.lang.Object, java.lang.Object, int, int, int, int)'> (0x0000000088f15238) 
thrown [t:/workspace/open/src/hotspot/share/interpreter/linkResolver.cpp, line 767]

Events (20 events):
Event: 31.484 Loaded shared library C:\Users\usuario\AppData\Local\Temp\libgdxusuario\dc0f0009\lwjgl64.dll
Event: 31.488 Loaded shared library C:\Users\usuario\AppData\Local\Temp\libgdxusuario\dc0f0009\lwjgl64.dll
Event: 31.491 Loaded shared library C:\Users\usuario\AppData\Local\Temp\libgdxusuario\dc0f0009\lwjgl64.dll
Event: 31.495 Loaded shared library C:\Users\usuario\AppData\Local\Temp\libgdxusuario\dc0f0009\lwjgl64.dll
Event: 31.499 Loaded shared library C:\Users\usuario\AppData\Local\Temp\libgdxusuario\dc0f0009\lwjgl64.dll
Event: 31.502 Loaded shared library C:\Users\usuario\AppData\Local\Temp\libgdxusuario\dc0f0009\lwjgl64.dll
Event: 31.506 Loaded shared library C:\Users\usuario\AppData\Local\Temp\libgdxusuario\dc0f0009\lwjgl64.dll
Event: 31.509 Loaded shared library C:\Users\usuario\AppData\Local\Temp\libgdxusuario\dc0f0009\lwjgl64.dll
Event: 31.513 Loaded shared library C:\Users\usuario\AppData\Local\Temp\libgdxusuario\dc0f0009\lwjgl64.dll
Event: 31.516 Loaded shared library C:\Users\usuario\AppData\Local\Temp\libgdxusuario\dc0f0009\lwjgl64.dll
Event: 31.520 Loaded shared library C:\Users\usuario\AppData\Local\Temp\libgdxusuario\dc0f0009\lwjgl64.dll
Event: 31.524 Loaded shared library C:\Users\usuario\AppData\Local\Temp\libgdxusuario\dc0f0009\lwjgl64.dll
Event: 37.500 Loaded shared library C:\Users\usuario\AppData\Local\Temp\libgdxusuario\dc0f0009\lwjgl64.dll
Event: 37.504 Loaded shared library C:\Users\usuario\AppData\Local\Temp\libgdxusuario\dc0f0009\lwjgl64.dll
Event: 37.508 Loaded shared library C:\Users\usuario\AppData\Local\Temp\libgdxusuario\dc0f0009\lwjgl64.dll
Event: 37.511 Loaded shared library C:\Users\usuario\AppData\Local\Temp\libgdxusuario\dc0f0009\lwjgl64.dll
Event: 201.815 loading class com/badlogic/gdx/backends/lwjgl/LwjglInput$TouchEvent
Event: 201.815 loading class com/badlogic/gdx/backends/lwjgl/LwjglInput$TouchEvent done
Event: 202.233 loading class com/badlogic/gdx/utils/Pool$Poolable
Event: 202.233 loading class com/badlogic/gdx/utils/Pool$Poolable done


Dynamic libraries:
0x00007ff7684a0000 - 0x00007ff7684af000 	D:\Java\bin\javaw.exe
0x00007ff8ca800000 - 0x00007ff8ca9f0000 	C:\Windows\SYSTEM32\ntdll.dll
0x00007ff8ca010000 - 0x00007ff8ca0c2000 	C:\Windows\System32\KERNEL32.DLL
0x00007ff8c8430000 - 0x00007ff8c86d5000 	C:\Windows\System32\KERNELBASE.dll
0x00007ff8c7ff0000 - 0x00007ff8c80ea000 	C:\Windows\System32\ucrtbase.dll
0x00007ff8ac1d0000 - 0x00007ff8ac1e8000 	D:\Java\bin\jli.dll
0x00007ff8ac1b0000 - 0x00007ff8ac1c5000 	D:\Java\bin\VCRUNTIME140.dll
0x00007ff8ca510000 - 0x00007ff8ca5b3000 	C:\Windows\System32\ADVAPI32.dll
0x00007ff8ca230000 - 0x00007ff8ca2ce000 	C:\Windows\System32\msvcrt.dll
0x00007ff8c9b40000 - 0x00007ff8c9bd7000 	C:\Windows\System32\sechost.dll
0x00007ff8c9ce0000 - 0x00007ff8c9e00000 	C:\Windows\System32\RPCRT4.dll
0x00007ff8c9e00000 - 0x00007ff8c9f94000 	C:\Windows\System32\USER32.dll
0x00007ff8c7fc0000 - 0x00007ff8c7fe1000 	C:\Windows\System32\win32u.dll
0x00007ff8b7150000 - 0x00007ff8b73d4000 	C:\Windows\WinSxS\amd64_microsoft.windows.common-controls_6595b64144ccf1df_6.0.18362.1198_none_9e820b57e45ad92f\COMCTL32.dll
0x00007ff8c9670000 - 0x00007ff8c9696000 	C:\Windows\System32\GDI32.dll
0x00007ff8c8710000 - 0x00007ff8c88a6000 	C:\Windows\System32\gdi32full.dll
0x00007ff8c96b0000 - 0x00007ff8c99e5000 	C:\Windows\System32\combase.dll
0x00007ff8c8160000 - 0x00007ff8c81fe000 	C:\Windows\System32\msvcp_win.dll
0x00007ff8c83b0000 - 0x00007ff8c8430000 	C:\Windows\System32\bcryptPrimitives.dll
0x00007ff8c2670000 - 0x00007ff8c267a000 	C:\Windows\SYSTEM32\VERSION.dll
0x00007ff8c9bf0000 - 0x00007ff8c9c1e000 	C:\Windows\System32\IMM32.DLL
0x00007ff8abfe0000 - 0x00007ff8ac07b000 	D:\Java\bin\msvcp140.dll
0x00007ff86d420000 - 0x00007ff86df86000 	D:\Java\bin\server\jvm.dll
0x00007ff8ca6e0000 - 0x00007ff8ca6e8000 	C:\Windows\System32\PSAPI.DLL
0x00007ff8a8c40000 - 0x00007ff8a8c49000 	C:\Windows\SYSTEM32\WSOCK32.dll
0x00007ff8c4270000 - 0x00007ff8c4294000 	C:\Windows\SYSTEM32\WINMM.dll
0x00007ff8c9fa0000 - 0x00007ff8ca00f000 	C:\Windows\System32\WS2_32.dll
0x00007ff8c4240000 - 0x00007ff8c426d000 	C:\Windows\SYSTEM32\winmmbase.dll
0x00007ff8c8110000 - 0x00007ff8c815a000 	C:\Windows\System32\cfgmgr32.dll
0x00007ff8c7740000 - 0x00007ff8c7751000 	C:\Windows\System32\kernel.appcore.dll
0x00007ff8c3fb0000 - 0x00007ff8c3fc0000 	D:\Java\bin\verify.dll
0x00007ff8b2f90000 - 0x00007ff8b3184000 	C:\Windows\SYSTEM32\DBGHELP.DLL
0x00007ff8b1700000 - 0x00007ff8b172a000 	C:\Windows\SYSTEM32\dbgcore.DLL
0x00007ff8ac6e0000 - 0x00007ff8ac706000 	D:\Java\bin\java.dll
0x00007ff8ac9d0000 - 0x00007ff8ac9e7000 	D:\Java\bin\zip.dll
0x00007ff8c3fa0000 - 0x00007ff8c3faa000 	D:\Java\bin\jimage.dll
0x00007ff8c8960000 - 0x00007ff8c9047000 	C:\Windows\System32\SHELL32.dll
0x00007ff8c88b0000 - 0x00007ff8c8959000 	C:\Windows\System32\shcore.dll
0x00007ff8c7830000 - 0x00007ff8c7fb1000 	C:\Windows\System32\windows.storage.dll
0x00007ff8c76c0000 - 0x00007ff8c76e3000 	C:\Windows\System32\profapi.dll
0x00007ff8c76f0000 - 0x00007ff8c773a000 	C:\Windows\System32\powrprof.dll
0x00007ff8c76b0000 - 0x00007ff8c76c0000 	C:\Windows\System32\UMPDC.dll
0x00007ff8c9c80000 - 0x00007ff8c9cd2000 	C:\Windows\System32\shlwapi.dll
0x00007ff8c80f0000 - 0x00007ff8c8107000 	C:\Windows\System32\cryptsp.dll
0x00007ff8ac6c0000 - 0x00007ff8ac6d9000 	D:\Java\bin\net.dll
0x00007ff8bfc00000 - 0x00007ff8bfcf0000 	C:\Windows\SYSTEM32\WINHTTP.dll
0x00007ff8b76a0000 - 0x00007ff8b7876000 	C:\Windows\SYSTEM32\urlmon.dll
0x00007ff8b86d0000 - 0x00007ff8b8977000 	C:\Windows\SYSTEM32\iertutil.dll
0x00007ff8c7070000 - 0x00007ff8c707c000 	C:\Windows\SYSTEM32\CRYPTBASE.DLL
0x00007ff8c6ea0000 - 0x00007ff8c6f07000 	C:\Windows\system32\mswsock.dll
0x00007ff8ac6a0000 - 0x00007ff8ac6b3000 	D:\Java\bin\nio.dll
0x00007ff8a5580000 - 0x00007ff8a5719000 	D:\Java\bin\awt.dll
0x00007ff8ca6f0000 - 0x00007ff8ca7b5000 	C:\Windows\System32\OLEAUT32.dll
0x00007ff8c4400000 - 0x00007ff8c49c0000 	C:\Windows\SYSTEM32\d2d1.dll
0x00007ff8c5860000 - 0x00007ff8c58ef000 	C:\Windows\SYSTEM32\apphelp.dll
0x0000000065580000 - 0x0000000065616000 	C:\Users\usuario\AppData\Local\Temp\libgdxusuario\5c4bc04\gdx64.dll
0x00007ff8c6a10000 - 0x00007ff8c6a43000 	C:\Windows\system32\rsaenh.dll
0x00007ff8c86e0000 - 0x00007ff8c8706000 	C:\Windows\System32\bcrypt.dll
0x00007ff8c75d0000 - 0x00007ff8c75f5000 	C:\Windows\SYSTEM32\USERENV.dll
0x00007ff8c6bb0000 - 0x00007ff8c6bea000 	C:\Windows\SYSTEM32\IPHLPAPI.DLL
0x00007ff8c9be0000 - 0x00007ff8c9be8000 	C:\Windows\System32\NSI.dll
0x00007ff8c12f0000 - 0x00007ff8c1306000 	C:\Windows\SYSTEM32\dhcpcsvc6.DLL
0x00007ff8c12d0000 - 0x00007ff8c12ec000 	C:\Windows\SYSTEM32\dhcpcsvc.DLL
0x00007ff8c6bf0000 - 0x00007ff8c6cbb000 	C:\Windows\SYSTEM32\DNSAPI.dll
0x0000000180000000 - 0x0000000180053000 	C:\Users\usuario\AppData\Local\Temp\libgdxusuario\dc0f0009\lwjgl64.dll
0x00007ff89f460000 - 0x00007ff89f5b6000 	C:\Windows\SYSTEM32\OPENGL32.dll
0x00007ff89f430000 - 0x00007ff89f45c000 	C:\Windows\SYSTEM32\GLU32.dll
0x00007ff8c62f0000 - 0x00007ff8c6310000 	C:\Windows\SYSTEM32\dxcore.dll
0x00007ff8c2c30000 - 0x00007ff8c2cde000 	C:\Windows\SYSTEM32\mscms.dll
0x00007ff8c29f0000 - 0x00007ff8c2a07000 	C:\Windows\SYSTEM32\ColorAdapterClient.dll
0x00007ff8ca630000 - 0x00007ff8ca6d2000 	C:\Windows\System32\clbcatq.dll
0x00007ff8bfdc0000 - 0x00007ff8bfdda000 	C:\Windows\System32\Windows.Internal.Graphics.Display.DisplayColorManagement.dll
0x00007ff8c5930000 - 0x00007ff8c59c9000 	C:\Windows\system32\uxtheme.dll
0x00007ff8ca3d0000 - 0x00007ff8ca505000 	C:\Windows\System32\MSCTF.dll
0x00007ff86c580000 - 0x00007ff86d413000 	C:\Windows\System32\DriverStore\FileRepository\igdlh64.inf_amd64_24de78387e6208e4\ig9icd64.dll
0x00007ff8c5e70000 - 0x00007ff8c5e9d000 	C:\Windows\SYSTEM32\dwmapi.dll
0x00007ff8c6380000 - 0x00007ff8c646b000 	C:\Windows\system32\dxgi.dll
0x00007ff896de0000 - 0x00007ff896e23000 	C:\Windows\SYSTEM32\icm32.dll
0x00007ff8912f0000 - 0x00007ff8913d2000 	C:\Windows\System32\DriverStore\FileRepository\igdlh64.inf_amd64_24de78387e6208e4\igdgmm64.dll
0x00007ff8ba480000 - 0x00007ff8bc3e5000 	C:\Windows\System32\DriverStore\FileRepository\igdlh64.inf_amd64_24de78387e6208e4\igc64.dll
0x00007ff8be090000 - 0x00007ff8be12e000 	C:\Windows\System32\TextInputFramework.dll
0x00007ff8c52b0000 - 0x00007ff8c5384000 	C:\Windows\System32\CoreMessaging.dll
0x00007ff8c1ab0000 - 0x00007ff8c1dda000 	C:\Windows\System32\CoreUIComponents.dll
0x00007ff8c2ee0000 - 0x00007ff8c3033000 	C:\Windows\SYSTEM32\wintypes.dll
0x00007ff8c66f0000 - 0x00007ff8c6721000 	C:\Windows\SYSTEM32\ntmarta.dll

dbghelp: loaded successfully - version: 4.0.5 - missing functions: none
symbol engine: initialized successfully - sym options: 0x614 - pdb path: .;D:\Java\bin;C:\Windows\SYSTEM32;C:\Windows\WinSxS\amd64_microsoft.windows.common-controls_6595b64144ccf1df_6.0.18362.1198_none_9e820b57e45ad92f;D:\Java\bin\server;C:\Users\usuario\AppData\Local\Temp\libgdxusuario\5c4bc04;C:\Users\usuario\AppData\Local\Temp\libgdxusuario\dc0f0009;C:\Windows\System32\DriverStore\FileRepository\igdlh64.inf_amd64_24de78387e6208e4

VM Arguments:
jvm_args: -Dfile.encoding=Cp1252 
java_command: Laberinto.ClasePrincipal
java_class_path (initial): D:\Documents\3er curso\1er cuatrimestre\Sistemas Inteligentes\Practicas\Laberinto\bin;D:\Documents\3er curso\1er cuatrimestre\Sistemas Inteligentes\Practicas\Laberinto\json-20200518.jar;D:\Documents\3er curso\1er cuatrimestre\Sistemas Inteligentes\Practicas\Laberinto\Librerias\gdx.jar;D:\Documents\3er curso\1er cuatrimestre\Sistemas Inteligentes\Practicas\Laberinto\Librerias\gdx-backend-android.jar;D:\Documents\3er curso\1er cuatrimestre\Sistemas Inteligentes\Practicas\Laberinto\Librerias\gdx-backend-gwt.jar;D:\Documents\3er curso\1er cuatrimestre\Sistemas Inteligentes\Practicas\Laberinto\Librerias\gdx-backend-headless.jar;D:\Documents\3er curso\1er cuatrimestre\Sistemas Inteligentes\Practicas\Laberinto\Librerias\gdx-backend-jglfw.jar;D:\Documents\3er curso\1er cuatrimestre\Sistemas Inteligentes\Practicas\Laberinto\Librerias\gdx-backend-jglfw-natives.jar;D:\Documents\3er curso\1er cuatrimestre\Sistemas Inteligentes\Practicas\Laberinto\Librerias\gdx-backend-lwjgl.jar;D:\Documents\3er curso\1er cuatrimestre\Sistemas Inteligentes\Practicas\Laberinto\Librerias\gdx-backend-lwjgl-natives.jar;D:\Documents\3er curso\1er cuatrimestre\Sistemas Inteligentes\Practicas\Laberinto\Librerias\gdx-backend-robovm.jar;D:\Documents\3er curso\1er cuatrimestre\Sistemas Inteligentes\Practicas\Laberinto\Librerias\gdx-natives.jar;D:\Documents\3er curso\1er cuatrimestre\Sistemas Inteligentes\Practicas\Laberinto\Librerias\gdx-setup.jar
Launcher Type: SUN_STANDARD

[Global flags]
     intx CICompilerCount                          = 4                                         {product} {ergonomic}
     uint ConcGCThreads                            = 2                                         {product} {ergonomic}
     uint G1ConcRefinementThreads                  = 8                                         {product} {ergonomic}
   size_t G1HeapRegionSize                         = 1048576                                   {product} {ergonomic}
    uintx GCDrainStackTargetSize                   = 64                                        {product} {ergonomic}
   size_t InitialHeapSize                          = 134217728                                 {product} {ergonomic}
   size_t MarkStackSize                            = 4194304                                   {product} {ergonomic}
   size_t MaxHeapSize                              = 2126512128                                {product} {ergonomic}
   size_t MaxNewSize                               = 1275068416                                {product} {ergonomic}
   size_t MinHeapDeltaBytes                        = 1048576                                   {product} {ergonomic}
   size_t MinHeapSize                              = 8388608                                   {product} {ergonomic}
    uintx NonNMethodCodeHeapSize                   = 5836300                                {pd product} {ergonomic}
    uintx NonProfiledCodeHeapSize                  = 122910970                              {pd product} {ergonomic}
    uintx ProfiledCodeHeapSize                     = 122910970                              {pd product} {ergonomic}
    uintx ReservedCodeCacheSize                    = 251658240                              {pd product} {ergonomic}
     bool SegmentedCodeCache                       = true                                      {product} {ergonomic}
   size_t SoftMaxHeapSize                          = 2126512128                             {manageable} {ergonomic}
     bool UseCompressedClassPointers               = true                                 {lp64_product} {ergonomic}
     bool UseCompressedOops                        = true                                 {lp64_product} {ergonomic}
     bool UseG1GC                                  = true                                      {product} {ergonomic}
     bool UseLargePagesIndividualAllocation        = false                                  {pd product} {ergonomic}

Logging:
Log output configuration:
 #0: stdout all=warning uptime,level,tags
 #1: stderr all=off uptime,level,tags

Environment Variables:
CLASSPATH=.;D:\Java\lib
PATH=D:/Java/bin/server;D:/Java/bin;C:\Program Files (x86)\Common Files\Oracle\Java\javapath;C:\Windows\system32;C:\Windows;C:\Windows\System32\Wbem;C:\Windows\System32\WindowsPowerShell\v1.0\;C:\Windows\System32\OpenSSH\;C:\Program Files\Microsoft SQL Server\130\Tools\Binn\;C:\Program Files\Microsoft SQL Server\Client SDK\ODBC\170\Tools\Binn\;C:\Program Files\dotnet\;C:\Program Files\nodejs\;C:\Program Files (x86)\Brackets\command;D:\Java\bin;C:\Users\usuario\AppData\Roaming\npm;C:\Users\usuario\AppData\Local\atom\bin;C:\Users\usuario\AppData\Local\Programs\Microsoft VS Code\bin;C:\adb;C:\Program Files\Git\cmd;C:\Program Files\MySQL\MySQL Shell 8.0\bin\;D:\Java\bin;C:\Users\usuario\AppData\Roaming\npm;C:\Users\usuario\AppData\Local\atom\bin;C:\Users\usuario\AppData\Local\Programs\Microsoft VS Code\bin;C:\Users\usuario\Desktop;
USERNAME=usuario
OS=Windows_NT
PROCESSOR_IDENTIFIER=Intel64 Family 6 Model 158 Stepping 9, GenuineIntel



---------------  S Y S T E M  ---------------

OS: Windows 10 , 64 bit Build 18362 (10.0.18362.1110)

CPU:total 8 (initial active 8) (4 cores per cpu, 2 threads per core) family 6 model 158 stepping 9, cmov, cx8, fxsr, mmx, sse, sse2, sse3, ssse3, sse4.1, sse4.2, popcnt, avx, avx2, aes, clmul, erms, 3dnowpref, lzcnt, ht, tsc, tscinvbit, bmi1, bmi2, adx, fma

Memory: 4k page, system-wide physical 8109M (562M free)
TotalPageFile size 32685M (AvailPageFile size 711M)
current process WorkingSet (physical memory assigned to process): 5516M, peak: 6514M
current process commit charge ("private bytes"): 26204M, peak: 26204M

vm_info: Java HotSpot(TM) 64-Bit Server VM (13+33) for windows-amd64 JRE (13+33), built on Sep 18 2019 21:38:00 by "mach5one" with unknown MS VC++:1916

END.
